<?xml version="1.0" encoding="UTF-8"?>
<robot generator="Robot 5.0 (Python 3.10.2 on win32)" generated="20220726 14:22:08.237" rpa="false" schemaversion="3">
<suite id="s1" name="Test" source="C:\development\robot-scripts\saucedemo\test.robot">
<test id="s1-t1" name="E2E Order with standard user" line="24">
<kw name="Begin Web Test" library="begin_end" type="SETUP">
<kw name="Open Browser" library="SeleniumLibrary">
<arg>${URL_AND_BROWSER}[0]</arg>
<arg>${URL_AND_BROWSER}[1]</arg>
<doc>Opens a new browser instance to the optional ``url``.</doc>
<msg timestamp="20220726 14:22:08.526" level="INFO">Opening browser 'chrome' to base url 'https://www.saucedemo.com/'.</msg>
<status status="PASS" starttime="20220726 14:22:08.526" endtime="20220726 14:22:10.837"/>
</kw>
<kw name="Maximize Browser Window" library="SeleniumLibrary">
<doc>Maximizes current browser window.</doc>
<status status="PASS" starttime="20220726 14:22:10.838" endtime="20220726 14:22:10.972"/>
</kw>
<kw name="Wait Until Element Is Enabled" library="SeleniumLibrary">
<arg>id=login-button</arg>
<doc>Waits until the element ``locator`` is enabled.</doc>
<status status="PASS" starttime="20220726 14:22:10.972" endtime="20220726 14:22:11.021"/>
</kw>
<status status="PASS" starttime="20220726 14:22:08.525" endtime="20220726 14:22:11.021"/>
</kw>
<kw name="Login" library="keywords">
<arg>${USERS}[0]</arg>
<kw name="Input Text" library="SeleniumLibrary">
<arg>id=user-name</arg>
<arg>${user}</arg>
<doc>Types the given ``text`` into the text field identified by ``locator``.</doc>
<msg timestamp="20220726 14:22:11.022" level="INFO">Typing text 'standard_user' into text field 'id=user-name'.</msg>
<status status="PASS" starttime="20220726 14:22:11.022" endtime="20220726 14:22:11.150"/>
</kw>
<kw name="Input Text" library="SeleniumLibrary">
<arg>id=password</arg>
<arg>${PASSWORD}</arg>
<doc>Types the given ``text`` into the text field identified by ``locator``.</doc>
<msg timestamp="20220726 14:22:11.151" level="INFO">Typing text 'secret_sauce' into text field 'id=password'.</msg>
<status status="PASS" starttime="20220726 14:22:11.150" endtime="20220726 14:22:11.279"/>
</kw>
<kw name="Sleep" library="BuiltIn">
<arg>2s</arg>
<doc>Pauses the test executed for the given time.</doc>
<msg timestamp="20220726 14:22:13.280" level="INFO">Slept 2 seconds</msg>
<status status="PASS" starttime="20220726 14:22:11.279" endtime="20220726 14:22:13.280"/>
</kw>
<kw name="Click Button" library="SeleniumLibrary">
<arg>id=login-button</arg>
<doc>Clicks the button identified by ``locator``.</doc>
<msg timestamp="20220726 14:22:13.281" level="INFO">Clicking button 'id=login-button'.</msg>
<status status="PASS" starttime="20220726 14:22:13.280" endtime="20220726 14:22:13.476"/>
</kw>
<status status="PASS" starttime="20220726 14:22:11.022" endtime="20220726 14:22:13.476"/>
</kw>
<kw name="Choose products" library="keywords">
<arg>${PRODUCTS}[${PROD_N_1}]</arg>
<arg>${PRODUCTS}[${PROD_N_2}]</arg>
<kw name="Choose Product" library="keywords">
<arg>${prod1}</arg>
<arg>${REMOVE}[${PROD_N_1}]</arg>
<kw name="Click Button" library="SeleniumLibrary">
<arg>${product}</arg>
<doc>Clicks the button identified by ``locator``.</doc>
<msg timestamp="20220726 14:22:13.481" level="INFO">Clicking button 'id=add-to-cart-sauce-labs-backpack'.</msg>
<status status="PASS" starttime="20220726 14:22:13.480" endtime="20220726 14:22:13.612"/>
</kw>
<kw name="Wait Until Element Is Enabled" library="SeleniumLibrary">
<arg>${removed}</arg>
<doc>Waits until the element ``locator`` is enabled.</doc>
<status status="PASS" starttime="20220726 14:22:13.612" endtime="20220726 14:22:13.662"/>
</kw>
<kw name="Sleep" library="BuiltIn">
<arg>2s</arg>
<doc>Pauses the test executed for the given time.</doc>
<msg timestamp="20220726 14:22:15.664" level="INFO">Slept 2 seconds</msg>
<status status="PASS" starttime="20220726 14:22:13.662" endtime="20220726 14:22:15.664"/>
</kw>
<status status="PASS" starttime="20220726 14:22:13.479" endtime="20220726 14:22:15.664"/>
</kw>
<kw name="Choose Product" library="keywords">
<arg>${prod2}</arg>
<arg>${REMOVE}[${PROD_N_2}]</arg>
<kw name="Click Button" library="SeleniumLibrary">
<arg>${product}</arg>
<doc>Clicks the button identified by ``locator``.</doc>
<msg timestamp="20220726 14:22:15.665" level="INFO">Clicking button 'id=add-to-cart-test.allthethings()-t-shirt-(red)'.</msg>
<status status="PASS" starttime="20220726 14:22:15.665" endtime="20220726 14:22:15.725"/>
</kw>
<kw name="Wait Until Element Is Enabled" library="SeleniumLibrary">
<arg>${removed}</arg>
<doc>Waits until the element ``locator`` is enabled.</doc>
<status status="PASS" starttime="20220726 14:22:15.726" endtime="20220726 14:22:15.770"/>
</kw>
<kw name="Sleep" library="BuiltIn">
<arg>2s</arg>
<doc>Pauses the test executed for the given time.</doc>
<msg timestamp="20220726 14:22:17.772" level="INFO">Slept 2 seconds</msg>
<status status="PASS" starttime="20220726 14:22:15.770" endtime="20220726 14:22:17.772"/>
</kw>
<status status="PASS" starttime="20220726 14:22:15.664" endtime="20220726 14:22:17.772"/>
</kw>
<status status="PASS" starttime="20220726 14:22:13.477" endtime="20220726 14:22:17.772"/>
</kw>
<kw name="Shopping Cart" library="keywords">
<kw name="Scroll Element Into View" library="SeleniumLibrary">
<arg>id=shopping_cart_container</arg>
<doc>Scrolls the element identified by ``locator`` into view.</doc>
<status status="PASS" starttime="20220726 14:22:17.773" endtime="20220726 14:22:18.055"/>
</kw>
<kw name="Get Text" library="SeleniumLibrary">
<var>${numberofitemsstr}</var>
<arg>xpath=//*[@id="shopping_cart_container"]/a/span</arg>
<doc>Returns the text value of the element identified by ``locator``.</doc>
<msg timestamp="20220726 14:22:18.080" level="INFO">${numberofitemsstr} = 2</msg>
<status status="PASS" starttime="20220726 14:22:18.057" endtime="20220726 14:22:18.080"/>
</kw>
<kw name="Should Be Equal" library="BuiltIn">
<arg>${numberofitemsstr}</arg>
<arg>2</arg>
<doc>Fails if the given objects are unequal.</doc>
<status status="PASS" starttime="20220726 14:22:18.080" endtime="20220726 14:22:18.080"/>
</kw>
<kw name="Click Element" library="SeleniumLibrary">
<arg>id=shopping_cart_container</arg>
<doc>Click the element identified by ``locator``.</doc>
<msg timestamp="20220726 14:22:18.081" level="INFO">Clicking element 'id=shopping_cart_container'.</msg>
<status status="PASS" starttime="20220726 14:22:18.080" endtime="20220726 14:22:18.132"/>
</kw>
<status status="PASS" starttime="20220726 14:22:17.773" endtime="20220726 14:22:18.132"/>
</kw>
<kw name="Checkout" library="keywords">
<kw name="Wait Until Element Is Enabled" library="SeleniumLibrary">
<arg>id=checkout</arg>
<doc>Waits until the element ``locator`` is enabled.</doc>
<status status="PASS" starttime="20220726 14:22:18.133" endtime="20220726 14:22:18.172"/>
</kw>
<kw name="Sleep" library="BuiltIn">
<arg>2s</arg>
<doc>Pauses the test executed for the given time.</doc>
<msg timestamp="20220726 14:22:20.175" level="INFO">Slept 2 seconds</msg>
<status status="PASS" starttime="20220726 14:22:18.172" endtime="20220726 14:22:20.175"/>
</kw>
<kw name="Scroll Element Into View" library="SeleniumLibrary">
<arg>id=checkout</arg>
<doc>Scrolls the element identified by ``locator`` into view.</doc>
<status status="PASS" starttime="20220726 14:22:20.175" endtime="20220726 14:22:20.453"/>
</kw>
<kw name="Click Button" library="SeleniumLibrary">
<arg>id=checkout</arg>
<doc>Clicks the button identified by ``locator``.</doc>
<msg timestamp="20220726 14:22:20.454" level="INFO">Clicking button 'id=checkout'.</msg>
<status status="PASS" starttime="20220726 14:22:20.454" endtime="20220726 14:22:20.525"/>
</kw>
<status status="PASS" starttime="20220726 14:22:18.132" endtime="20220726 14:22:20.527"/>
</kw>
<kw name="Continue" library="keywords">
<arg>${NAME}[0]</arg>
<arg>${NAME}[1]</arg>
<arg>${NAME}[2]</arg>
<kw name="Wait Until Element Is Enabled" library="SeleniumLibrary">
<arg>id=continue</arg>
<doc>Waits until the element ``locator`` is enabled.</doc>
<status status="PASS" starttime="20220726 14:22:20.529" endtime="20220726 14:22:20.576"/>
</kw>
<kw name="Input Text" library="SeleniumLibrary">
<arg>id=first-name</arg>
<arg>${name}</arg>
<doc>Types the given ``text`` into the text field identified by ``locator``.</doc>
<msg timestamp="20220726 14:22:20.577" level="INFO">Typing text 'Natalia' into text field 'id=first-name'.</msg>
<status status="PASS" starttime="20220726 14:22:20.576" endtime="20220726 14:22:20.698"/>
</kw>
<kw name="Input Text" library="SeleniumLibrary">
<arg>id=last-name</arg>
<arg>${lastname}</arg>
<doc>Types the given ``text`` into the text field identified by ``locator``.</doc>
<msg timestamp="20220726 14:22:20.699" level="INFO">Typing text 'Borrillo' into text field 'id=last-name'.</msg>
<status status="PASS" starttime="20220726 14:22:20.699" endtime="20220726 14:22:20.818"/>
</kw>
<kw name="Input Text" library="SeleniumLibrary">
<arg>id=postal-code</arg>
<arg>${postalcode}</arg>
<doc>Types the given ``text`` into the text field identified by ``locator``.</doc>
<msg timestamp="20220726 14:22:20.818" level="INFO">Typing text '82100' into text field 'id=postal-code'.</msg>
<status status="PASS" starttime="20220726 14:22:20.818" endtime="20220726 14:22:20.922"/>
</kw>
<kw name="Scroll Element Into View" library="SeleniumLibrary">
<arg>id=continue</arg>
<doc>Scrolls the element identified by ``locator`` into view.</doc>
<status status="PASS" starttime="20220726 14:22:20.922" endtime="20220726 14:22:21.197"/>
</kw>
<kw name="Sleep" library="BuiltIn">
<arg>2s</arg>
<doc>Pauses the test executed for the given time.</doc>
<msg timestamp="20220726 14:22:23.199" level="INFO">Slept 2 seconds</msg>
<status status="PASS" starttime="20220726 14:22:21.197" endtime="20220726 14:22:23.199"/>
</kw>
<kw name="Click Button" library="SeleniumLibrary">
<arg>id=continue</arg>
<doc>Clicks the button identified by ``locator``.</doc>
<msg timestamp="20220726 14:22:23.199" level="INFO">Clicking button 'id=continue'.</msg>
<status status="PASS" starttime="20220726 14:22:23.199" endtime="20220726 14:22:23.298"/>
</kw>
<status status="PASS" starttime="20220726 14:22:20.528" endtime="20220726 14:22:23.299"/>
</kw>
<kw name="Imports" library="keywords">
<kw name="Get Text" library="SeleniumLibrary">
<var>${firstitemstring}</var>
<arg>xpath=//*[@id="checkout_summary_container"]/div/div[1]/div[3]/div[2]/div[2]/div</arg>
<doc>Returns the text value of the element identified by ``locator``.</doc>
<msg timestamp="20220726 14:22:23.337" level="INFO">${firstitemstring} = $29.99</msg>
<status status="PASS" starttime="20220726 14:22:23.303" endtime="20220726 14:22:23.337"/>
</kw>
<kw name="Fetch From Right" library="String">
<var>${firstitem}</var>
<arg>${firstitemstring}</arg>
<arg>$</arg>
<doc>Returns contents of the ``string`` after the last occurrence of ``marker``.</doc>
<msg timestamp="20220726 14:22:23.338" level="INFO">${firstitem} = 29.99</msg>
<status status="PASS" starttime="20220726 14:22:23.337" endtime="20220726 14:22:23.338"/>
</kw>
<kw name="Convert To Number" library="BuiltIn">
<var>${first}</var>
<arg>${firstitem}</arg>
<doc>Converts the given item to a floating point number.</doc>
<msg timestamp="20220726 14:22:23.338" level="INFO">${first} = 29.99</msg>
<status status="PASS" starttime="20220726 14:22:23.338" endtime="20220726 14:22:23.338"/>
</kw>
<kw name="Get Text" library="SeleniumLibrary">
<var>${seconditemstring}</var>
<arg>//*[@id="checkout_summary_container"]/div/div[1]/div[4]/div[2]/div[2]/div</arg>
<doc>Returns the text value of the element identified by ``locator``.</doc>
<msg timestamp="20220726 14:22:23.370" level="INFO">${seconditemstring} = $15.99</msg>
<status status="PASS" starttime="20220726 14:22:23.338" endtime="20220726 14:22:23.370"/>
</kw>
<kw name="Fetch From Right" library="String">
<var>${seconditem}</var>
<arg>${seconditemstring}</arg>
<arg>$</arg>
<doc>Returns contents of the ``string`` after the last occurrence of ``marker``.</doc>
<msg timestamp="20220726 14:22:23.370" level="INFO">${seconditem} = 15.99</msg>
<status status="PASS" starttime="20220726 14:22:23.370" endtime="20220726 14:22:23.370"/>
</kw>
<kw name="Convert To Number" library="BuiltIn">
<var>${second}</var>
<arg>${seconditem}</arg>
<doc>Converts the given item to a floating point number.</doc>
<msg timestamp="20220726 14:22:23.371" level="INFO">${second} = 15.99</msg>
<status status="PASS" starttime="20220726 14:22:23.370" endtime="20220726 14:22:23.371"/>
</kw>
<kw name="Evaluate" library="BuiltIn">
<var>${total}</var>
<arg>${first} + ${second}</arg>
<doc>Evaluates the given expression in Python and returns the result.</doc>
<msg timestamp="20220726 14:22:23.371" level="INFO">${total} = 45.98</msg>
<status status="PASS" starttime="20220726 14:22:23.371" endtime="20220726 14:22:23.371"/>
</kw>
<kw name="Get Text" library="SeleniumLibrary">
<var>${itemtotalstring}</var>
<arg>xpath=//*[@id="checkout_summary_container"]/div/div[2]/div[5]</arg>
<doc>Returns the text value of the element identified by ``locator``.</doc>
<msg timestamp="20220726 14:22:23.401" level="INFO">${itemtotalstring} = Item total: $45.98</msg>
<status status="PASS" starttime="20220726 14:22:23.371" endtime="20220726 14:22:23.401"/>
</kw>
<kw name="Fetch From Right" library="String">
<var>${itemtotal}</var>
<arg>${itemtotalstring}</arg>
<arg>$</arg>
<doc>Returns contents of the ``string`` after the last occurrence of ``marker``.</doc>
<msg timestamp="20220726 14:22:23.401" level="INFO">${itemtotal} = 45.98</msg>
<status status="PASS" starttime="20220726 14:22:23.401" endtime="20220726 14:22:23.402"/>
</kw>
<kw name="Convert To Number" library="BuiltIn">
<var>${order}</var>
<arg>${itemtotal}</arg>
<doc>Converts the given item to a floating point number.</doc>
<msg timestamp="20220726 14:22:23.402" level="INFO">${order} = 45.98</msg>
<status status="PASS" starttime="20220726 14:22:23.402" endtime="20220726 14:22:23.402"/>
</kw>
<kw name="Should Be Equal" library="BuiltIn">
<arg>${order}</arg>
<arg>${total}</arg>
<doc>Fails if the given objects are unequal.</doc>
<status status="PASS" starttime="20220726 14:22:23.402" endtime="20220726 14:22:23.403"/>
</kw>
<status status="PASS" starttime="20220726 14:22:23.301" endtime="20220726 14:22:23.403"/>
</kw>
<kw name="End of the order" library="keywords">
<kw name="Click Button" library="SeleniumLibrary">
<arg>id=finish</arg>
<doc>Clicks the button identified by ``locator``.</doc>
<msg timestamp="20220726 14:22:23.405" level="INFO">Clicking button 'id=finish'.</msg>
<status status="PASS" starttime="20220726 14:22:23.404" endtime="20220726 14:22:23.491"/>
</kw>
<kw name="Page Should Contain" library="SeleniumLibrary">
<arg>THANK YOU FOR YOUR ORDER</arg>
<doc>Verifies that current page contains ``text``.</doc>
<msg timestamp="20220726 14:22:23.529" level="INFO">Current page contains text 'THANK YOU FOR YOUR ORDER'.</msg>
<status status="PASS" starttime="20220726 14:22:23.492" endtime="20220726 14:22:23.529"/>
</kw>
<status status="PASS" starttime="20220726 14:22:23.404" endtime="20220726 14:22:23.529"/>
</kw>
<kw name="Back to products" library="keywords">
<kw name="Page Should Contain Button" library="SeleniumLibrary">
<arg>id=back-to-products</arg>
<doc>Verifies button ``locator`` is found from current page.</doc>
<msg timestamp="20220726 14:22:23.561" level="INFO">Current page contains button 'id=back-to-products'.</msg>
<status status="PASS" starttime="20220726 14:22:23.530" endtime="20220726 14:22:23.561"/>
</kw>
<kw name="Click Button" library="SeleniumLibrary">
<arg>id=back-to-products</arg>
<doc>Clicks the button identified by ``locator``.</doc>
<msg timestamp="20220726 14:22:23.561" level="INFO">Clicking button 'id=back-to-products'.</msg>
<status status="PASS" starttime="20220726 14:22:23.561" endtime="20220726 14:22:23.635"/>
</kw>
<status status="PASS" starttime="20220726 14:22:23.530" endtime="20220726 14:22:23.635"/>
</kw>
<kw name="Logout" library="keywords">
<kw name="Click Button" library="SeleniumLibrary">
<arg>id=react-burger-menu-btn</arg>
<doc>Clicks the button identified by ``locator``.</doc>
<msg timestamp="20220726 14:22:23.638" level="INFO">Clicking button 'id=react-burger-menu-btn'.</msg>
<status status="PASS" starttime="20220726 14:22:23.637" endtime="20220726 14:22:23.704"/>
</kw>
<kw name="Sleep" library="BuiltIn">
<arg>2s</arg>
<doc>Pauses the test executed for the given time.</doc>
<msg timestamp="20220726 14:22:25.706" level="INFO">Slept 2 seconds</msg>
<status status="PASS" starttime="20220726 14:22:23.704" endtime="20220726 14:22:25.706"/>
</kw>
<kw name="Click Element" library="SeleniumLibrary">
<arg>id=logout_sidebar_link</arg>
<doc>Click the element identified by ``locator``.</doc>
<msg timestamp="20220726 14:22:25.707" level="INFO">Clicking element 'id=logout_sidebar_link'.</msg>
<status status="PASS" starttime="20220726 14:22:25.706" endtime="20220726 14:22:25.759"/>
</kw>
<status status="PASS" starttime="20220726 14:22:23.637" endtime="20220726 14:22:25.759"/>
</kw>
<kw name="End Web Test" library="begin_end" type="TEARDOWN">
<kw name="Close Browser" library="SeleniumLibrary">
<doc>Closes the current browser.</doc>
<status status="PASS" starttime="20220726 14:22:25.761" endtime="20220726 14:22:27.959"/>
</kw>
<status status="PASS" starttime="20220726 14:22:25.760" endtime="20220726 14:22:27.959"/>
</kw>
<tag>test_standard_user</tag>
<status status="PASS" starttime="20220726 14:22:08.525" endtime="20220726 14:22:27.960"/>
</test>
<test id="s1-t2" name="Login with locked out user" line="37">
<kw name="Begin Web Test" library="begin_end" type="SETUP">
<kw name="Open Browser" library="SeleniumLibrary">
<arg>${URL_AND_BROWSER}[0]</arg>
<arg>${URL_AND_BROWSER}[1]</arg>
<doc>Opens a new browser instance to the optional ``url``.</doc>
<msg timestamp="20220726 14:22:27.964" level="INFO">Opening browser 'chrome' to base url 'https://www.saucedemo.com/'.</msg>
<status status="PASS" starttime="20220726 14:22:27.963" endtime="20220726 14:22:30.142"/>
</kw>
<kw name="Maximize Browser Window" library="SeleniumLibrary">
<doc>Maximizes current browser window.</doc>
<status status="PASS" starttime="20220726 14:22:30.143" endtime="20220726 14:22:30.285"/>
</kw>
<kw name="Wait Until Element Is Enabled" library="SeleniumLibrary">
<arg>id=login-button</arg>
<doc>Waits until the element ``locator`` is enabled.</doc>
<status status="PASS" starttime="20220726 14:22:30.285" endtime="20220726 14:22:30.328"/>
</kw>
<status status="PASS" starttime="20220726 14:22:27.963" endtime="20220726 14:22:30.329"/>
</kw>
<kw name="Login" library="keywords">
<arg>${USERS}[1]</arg>
<kw name="Input Text" library="SeleniumLibrary">
<arg>id=user-name</arg>
<arg>${user}</arg>
<doc>Types the given ``text`` into the text field identified by ``locator``.</doc>
<msg timestamp="20220726 14:22:30.332" level="INFO">Typing text 'locked_out_user' into text field 'id=user-name'.</msg>
<status status="PASS" starttime="20220726 14:22:30.331" endtime="20220726 14:22:30.448"/>
</kw>
<kw name="Input Text" library="SeleniumLibrary">
<arg>id=password</arg>
<arg>${PASSWORD}</arg>
<doc>Types the given ``text`` into the text field identified by ``locator``.</doc>
<msg timestamp="20220726 14:22:30.448" level="INFO">Typing text 'secret_sauce' into text field 'id=password'.</msg>
<status status="PASS" starttime="20220726 14:22:30.448" endtime="20220726 14:22:30.555"/>
</kw>
<kw name="Sleep" library="BuiltIn">
<arg>2s</arg>
<doc>Pauses the test executed for the given time.</doc>
<msg timestamp="20220726 14:22:32.559" level="INFO">Slept 2 seconds</msg>
<status status="PASS" starttime="20220726 14:22:30.555" endtime="20220726 14:22:32.559"/>
</kw>
<kw name="Click Button" library="SeleniumLibrary">
<arg>id=login-button</arg>
<doc>Clicks the button identified by ``locator``.</doc>
<msg timestamp="20220726 14:22:32.560" level="INFO">Clicking button 'id=login-button'.</msg>
<status status="PASS" starttime="20220726 14:22:32.559" endtime="20220726 14:22:32.637"/>
</kw>
<status status="PASS" starttime="20220726 14:22:30.330" endtime="20220726 14:22:32.638"/>
</kw>
<kw name="Error Message" library="locked_out">
<kw name="Page Should Contain" library="SeleniumLibrary">
<arg>Epic sadface: Sorry, this user has been locked out.</arg>
<doc>Verifies that current page contains ``text``.</doc>
<msg timestamp="20220726 14:22:32.670" level="INFO">Current page contains text 'Epic sadface: Sorry, this user has been locked out.'.</msg>
<status status="PASS" starttime="20220726 14:22:32.639" endtime="20220726 14:22:32.670"/>
</kw>
<kw name="Sleep" library="BuiltIn">
<arg>2s</arg>
<doc>Pauses the test executed for the given time.</doc>
<msg timestamp="20220726 14:22:34.674" level="INFO">Slept 2 seconds</msg>
<status status="PASS" starttime="20220726 14:22:32.671" endtime="20220726 14:22:34.674"/>
</kw>
<status status="PASS" starttime="20220726 14:22:32.638" endtime="20220726 14:22:34.674"/>
</kw>
<kw name="End Web Test" library="begin_end" type="TEARDOWN">
<kw name="Close Browser" library="SeleniumLibrary">
<doc>Closes the current browser.</doc>
<status status="PASS" starttime="20220726 14:22:34.675" endtime="20220726 14:22:36.929"/>
</kw>
<status status="PASS" starttime="20220726 14:22:34.675" endtime="20220726 14:22:36.929"/>
</kw>
<tag>test_locked_out_user</tag>
<status status="PASS" starttime="20220726 14:22:27.962" endtime="20220726 14:22:36.930"/>
</test>
<doc>Suite description</doc>
<status status="PASS" starttime="20220726 14:22:08.239" endtime="20220726 14:22:36.931"/>
</suite>
<statistics>
<total>
<stat pass="2" fail="0" skip="0">All Tests</stat>
</total>
<tag>
<stat pass="1" fail="0" skip="0">test_locked_out_user</stat>
<stat pass="1" fail="0" skip="0">test_standard_user</stat>
</tag>
<suite>
<stat pass="2" fail="0" skip="0" id="s1" name="Test">Test</stat>
</suite>
</statistics>
<errors>
</errors>
</robot>
