<?xml version="1.0" encoding="UTF-8"?>
<robot generator="Robot 5.0 (Python 3.10.2 on win32)" generated="20220726 15:43:00.359" rpa="false" schemaversion="3">
<suite id="s1" name="Test" source="C:\development\robot-scripts\saucedemo\test.robot">
<test id="s1-t1" name="E2E Order with standard user" line="31">
<kw name="Begin Web Test" library="begin_end" type="SETUP">
<kw name="Open Browser" library="SeleniumLibrary">
<arg>${URL_AND_BROWSER}[0]</arg>
<arg>${URL_AND_BROWSER}[1]</arg>
<doc>Opens a new browser instance to the optional ``url``.</doc>
<msg timestamp="20220726 15:43:00.656" level="INFO">Opening browser 'chrome' to base url 'https://www.saucedemo.com/'.</msg>
<status status="PASS" starttime="20220726 15:43:00.655" endtime="20220726 15:43:03.955"/>
</kw>
<kw name="Maximize Browser Window" library="SeleniumLibrary">
<doc>Maximizes current browser window.</doc>
<status status="PASS" starttime="20220726 15:43:03.955" endtime="20220726 15:43:04.099"/>
</kw>
<kw name="Wait Until Element Is Enabled" library="SeleniumLibrary">
<arg>id=login-button</arg>
<doc>Waits until the element ``locator`` is enabled.</doc>
<status status="PASS" starttime="20220726 15:43:04.099" endtime="20220726 15:43:04.147"/>
</kw>
<status status="PASS" starttime="20220726 15:43:00.655" endtime="20220726 15:43:04.148"/>
</kw>
<kw name="Login" library="keywords">
<arg>${USERS}[0]</arg>
<kw name="Input Text" library="SeleniumLibrary">
<arg>id=user-name</arg>
<arg>${user}</arg>
<doc>Types the given ``text`` into the text field identified by ``locator``.</doc>
<msg timestamp="20220726 15:43:04.151" level="INFO">Typing text 'standard_user' into text field 'id=user-name'.</msg>
<status status="PASS" starttime="20220726 15:43:04.150" endtime="20220726 15:43:04.331"/>
</kw>
<kw name="Input Text" library="SeleniumLibrary">
<arg>id=password</arg>
<arg>${PASSWORD}</arg>
<doc>Types the given ``text`` into the text field identified by ``locator``.</doc>
<msg timestamp="20220726 15:43:04.332" level="INFO">Typing text 'secret_sauce' into text field 'id=password'.</msg>
<status status="PASS" starttime="20220726 15:43:04.332" endtime="20220726 15:43:04.499"/>
</kw>
<kw name="Sleep" library="BuiltIn">
<arg>2s</arg>
<doc>Pauses the test executed for the given time.</doc>
<msg timestamp="20220726 15:43:06.513" level="INFO">Slept 2 seconds</msg>
<status status="PASS" starttime="20220726 15:43:04.499" endtime="20220726 15:43:06.513"/>
</kw>
<kw name="Click Button" library="SeleniumLibrary">
<arg>id=login-button</arg>
<doc>Clicks the button identified by ``locator``.</doc>
<msg timestamp="20220726 15:43:06.514" level="INFO">Clicking button 'id=login-button'.</msg>
<status status="PASS" starttime="20220726 15:43:06.513" endtime="20220726 15:43:06.663"/>
</kw>
<status status="PASS" starttime="20220726 15:43:04.149" endtime="20220726 15:43:06.663"/>
</kw>
<kw name="Choose products" library="keywords">
<arg>${PRODUCTS}[${PROD_N_1}]</arg>
<arg>${PRODUCTS}[${PROD_N_2}]</arg>
<kw name="Choose Product" library="keywords">
<arg>${prod1}</arg>
<arg>${REMOVE}[${PROD_N_1}]</arg>
<kw name="Click Button" library="SeleniumLibrary">
<arg>${product}</arg>
<doc>Clicks the button identified by ``locator``.</doc>
<msg timestamp="20220726 15:43:06.665" level="INFO">Clicking button 'id=add-to-cart-sauce-labs-backpack'.</msg>
<status status="PASS" starttime="20220726 15:43:06.665" endtime="20220726 15:43:06.746"/>
</kw>
<kw name="Wait Until Element Is Enabled" library="SeleniumLibrary">
<arg>${removed}</arg>
<doc>Waits until the element ``locator`` is enabled.</doc>
<status status="PASS" starttime="20220726 15:43:06.746" endtime="20220726 15:43:06.782"/>
</kw>
<kw name="Sleep" library="BuiltIn">
<arg>2s</arg>
<doc>Pauses the test executed for the given time.</doc>
<msg timestamp="20220726 15:43:08.788" level="INFO">Slept 2 seconds</msg>
<status status="PASS" starttime="20220726 15:43:06.783" endtime="20220726 15:43:08.788"/>
</kw>
<status status="PASS" starttime="20220726 15:43:06.665" endtime="20220726 15:43:08.788"/>
</kw>
<kw name="Choose Product" library="keywords">
<arg>${prod2}</arg>
<arg>${REMOVE}[${PROD_N_2}]</arg>
<kw name="Click Button" library="SeleniumLibrary">
<arg>${product}</arg>
<doc>Clicks the button identified by ``locator``.</doc>
<msg timestamp="20220726 15:43:08.790" level="INFO">Clicking button 'id=add-to-cart-test.allthethings()-t-shirt-(red)'.</msg>
<status status="PASS" starttime="20220726 15:43:08.789" endtime="20220726 15:43:08.857"/>
</kw>
<kw name="Wait Until Element Is Enabled" library="SeleniumLibrary">
<arg>${removed}</arg>
<doc>Waits until the element ``locator`` is enabled.</doc>
<status status="PASS" starttime="20220726 15:43:08.858" endtime="20220726 15:43:08.899"/>
</kw>
<kw name="Sleep" library="BuiltIn">
<arg>2s</arg>
<doc>Pauses the test executed for the given time.</doc>
<msg timestamp="20220726 15:43:10.913" level="INFO">Slept 2 seconds</msg>
<status status="PASS" starttime="20220726 15:43:08.899" endtime="20220726 15:43:10.913"/>
</kw>
<status status="PASS" starttime="20220726 15:43:08.788" endtime="20220726 15:43:10.913"/>
</kw>
<status status="PASS" starttime="20220726 15:43:06.664" endtime="20220726 15:43:10.913"/>
</kw>
<kw name="Shopping Cart" library="keywords">
<kw name="Scroll Element Into View" library="SeleniumLibrary">
<arg>id=shopping_cart_container</arg>
<doc>Scrolls the element identified by ``locator`` into view.</doc>
<status status="PASS" starttime="20220726 15:43:10.914" endtime="20220726 15:43:11.199"/>
</kw>
<kw name="Get Text" library="SeleniumLibrary">
<var>${numberofitemsstr}</var>
<arg>xpath=//*[@id="shopping_cart_container"]/a/span</arg>
<doc>Returns the text value of the element identified by ``locator``.</doc>
<msg timestamp="20220726 15:43:11.227" level="INFO">${numberofitemsstr} = 2</msg>
<status status="PASS" starttime="20220726 15:43:11.199" endtime="20220726 15:43:11.227"/>
</kw>
<kw name="Should Be Equal" library="BuiltIn">
<arg>${numberofitemsstr}</arg>
<arg>2</arg>
<doc>Fails if the given objects are unequal.</doc>
<status status="PASS" starttime="20220726 15:43:11.227" endtime="20220726 15:43:11.227"/>
</kw>
<kw name="Click Element" library="SeleniumLibrary">
<arg>id=shopping_cart_container</arg>
<doc>Click the element identified by ``locator``.</doc>
<msg timestamp="20220726 15:43:11.228" level="INFO">Clicking element 'id=shopping_cart_container'.</msg>
<status status="PASS" starttime="20220726 15:43:11.227" endtime="20220726 15:43:11.295"/>
</kw>
<status status="PASS" starttime="20220726 15:43:10.914" endtime="20220726 15:43:11.295"/>
</kw>
<kw name="Checkout" library="keywords">
<kw name="Wait Until Element Is Enabled" library="SeleniumLibrary">
<arg>id=checkout</arg>
<doc>Waits until the element ``locator`` is enabled.</doc>
<status status="PASS" starttime="20220726 15:43:11.297" endtime="20220726 15:43:11.342"/>
</kw>
<kw name="Sleep" library="BuiltIn">
<arg>2s</arg>
<doc>Pauses the test executed for the given time.</doc>
<msg timestamp="20220726 15:43:13.346" level="INFO">Slept 2 seconds</msg>
<status status="PASS" starttime="20220726 15:43:11.342" endtime="20220726 15:43:13.346"/>
</kw>
<kw name="Scroll Element Into View" library="SeleniumLibrary">
<arg>id=checkout</arg>
<doc>Scrolls the element identified by ``locator`` into view.</doc>
<status status="PASS" starttime="20220726 15:43:13.346" endtime="20220726 15:43:13.632"/>
</kw>
<kw name="Click Button" library="SeleniumLibrary">
<arg>id=checkout</arg>
<doc>Clicks the button identified by ``locator``.</doc>
<msg timestamp="20220726 15:43:13.633" level="INFO">Clicking button 'id=checkout'.</msg>
<status status="PASS" starttime="20220726 15:43:13.632" endtime="20220726 15:43:13.698"/>
</kw>
<status status="PASS" starttime="20220726 15:43:11.296" endtime="20220726 15:43:13.699"/>
</kw>
<kw name="Continue" library="keywords">
<arg>${NAME}[0]</arg>
<arg>${NAME}[1]</arg>
<arg>${NAME}[2]</arg>
<kw name="Wait Until Element Is Enabled" library="SeleniumLibrary">
<arg>id=continue</arg>
<doc>Waits until the element ``locator`` is enabled.</doc>
<status status="PASS" starttime="20220726 15:43:13.701" endtime="20220726 15:43:13.741"/>
</kw>
<kw name="Input Text" library="SeleniumLibrary">
<arg>id=first-name</arg>
<arg>${name}</arg>
<doc>Types the given ``text`` into the text field identified by ``locator``.</doc>
<msg timestamp="20220726 15:43:13.743" level="INFO">Typing text 'Natalia' into text field 'id=first-name'.</msg>
<status status="PASS" starttime="20220726 15:43:13.741" endtime="20220726 15:43:13.867"/>
</kw>
<kw name="Input Text" library="SeleniumLibrary">
<arg>id=last-name</arg>
<arg>${lastname}</arg>
<doc>Types the given ``text`` into the text field identified by ``locator``.</doc>
<msg timestamp="20220726 15:43:13.867" level="INFO">Typing text 'Borrillo' into text field 'id=last-name'.</msg>
<status status="PASS" starttime="20220726 15:43:13.867" endtime="20220726 15:43:14.000"/>
</kw>
<kw name="Input Text" library="SeleniumLibrary">
<arg>id=postal-code</arg>
<arg>${postalcode}</arg>
<doc>Types the given ``text`` into the text field identified by ``locator``.</doc>
<msg timestamp="20220726 15:43:14.001" level="INFO">Typing text '82100' into text field 'id=postal-code'.</msg>
<status status="PASS" starttime="20220726 15:43:14.000" endtime="20220726 15:43:14.122"/>
</kw>
<kw name="Scroll Element Into View" library="SeleniumLibrary">
<arg>id=continue</arg>
<doc>Scrolls the element identified by ``locator`` into view.</doc>
<status status="PASS" starttime="20220726 15:43:14.122" endtime="20220726 15:43:14.415"/>
</kw>
<kw name="Sleep" library="BuiltIn">
<arg>2s</arg>
<doc>Pauses the test executed for the given time.</doc>
<msg timestamp="20220726 15:43:16.424" level="INFO">Slept 2 seconds</msg>
<status status="PASS" starttime="20220726 15:43:14.416" endtime="20220726 15:43:16.424"/>
</kw>
<kw name="Click Button" library="SeleniumLibrary">
<arg>id=continue</arg>
<doc>Clicks the button identified by ``locator``.</doc>
<msg timestamp="20220726 15:43:16.425" level="INFO">Clicking button 'id=continue'.</msg>
<status status="PASS" starttime="20220726 15:43:16.424" endtime="20220726 15:43:16.513"/>
</kw>
<status status="PASS" starttime="20220726 15:43:13.700" endtime="20220726 15:43:16.514"/>
</kw>
<kw name="Imports" library="keywords">
<kw name="Get Text" library="SeleniumLibrary">
<var>${firstitemstring}</var>
<arg>xpath=//*[@id="checkout_summary_container"]/div/div[1]/div[3]/div[2]/div[2]/div</arg>
<doc>Returns the text value of the element identified by ``locator``.</doc>
<msg timestamp="20220726 15:43:16.545" level="INFO">${firstitemstring} = $29.99</msg>
<status status="PASS" starttime="20220726 15:43:16.515" endtime="20220726 15:43:16.545"/>
</kw>
<kw name="Fetch From Right" library="String">
<var>${firstitem}</var>
<arg>${firstitemstring}</arg>
<arg>$</arg>
<doc>Returns contents of the ``string`` after the last occurrence of ``marker``.</doc>
<msg timestamp="20220726 15:43:16.546" level="INFO">${firstitem} = 29.99</msg>
<status status="PASS" starttime="20220726 15:43:16.546" endtime="20220726 15:43:16.546"/>
</kw>
<kw name="Convert To Number" library="BuiltIn">
<var>${first}</var>
<arg>${firstitem}</arg>
<doc>Converts the given item to a floating point number.</doc>
<msg timestamp="20220726 15:43:16.546" level="INFO">${first} = 29.99</msg>
<status status="PASS" starttime="20220726 15:43:16.546" endtime="20220726 15:43:16.546"/>
</kw>
<kw name="Get Text" library="SeleniumLibrary">
<var>${seconditemstring}</var>
<arg>//*[@id="checkout_summary_container"]/div/div[1]/div[4]/div[2]/div[2]/div</arg>
<doc>Returns the text value of the element identified by ``locator``.</doc>
<msg timestamp="20220726 15:43:16.569" level="INFO">${seconditemstring} = $15.99</msg>
<status status="PASS" starttime="20220726 15:43:16.547" endtime="20220726 15:43:16.569"/>
</kw>
<kw name="Fetch From Right" library="String">
<var>${seconditem}</var>
<arg>${seconditemstring}</arg>
<arg>$</arg>
<doc>Returns contents of the ``string`` after the last occurrence of ``marker``.</doc>
<msg timestamp="20220726 15:43:16.569" level="INFO">${seconditem} = 15.99</msg>
<status status="PASS" starttime="20220726 15:43:16.569" endtime="20220726 15:43:16.569"/>
</kw>
<kw name="Convert To Number" library="BuiltIn">
<var>${second}</var>
<arg>${seconditem}</arg>
<doc>Converts the given item to a floating point number.</doc>
<msg timestamp="20220726 15:43:16.570" level="INFO">${second} = 15.99</msg>
<status status="PASS" starttime="20220726 15:43:16.570" endtime="20220726 15:43:16.570"/>
</kw>
<kw name="Evaluate" library="BuiltIn">
<var>${total}</var>
<arg>${first} + ${second}</arg>
<doc>Evaluates the given expression in Python and returns the result.</doc>
<msg timestamp="20220726 15:43:16.570" level="INFO">${total} = 45.98</msg>
<status status="PASS" starttime="20220726 15:43:16.570" endtime="20220726 15:43:16.570"/>
</kw>
<kw name="Get Text" library="SeleniumLibrary">
<var>${itemtotalstring}</var>
<arg>xpath=//*[@id="checkout_summary_container"]/div/div[2]/div[5]</arg>
<doc>Returns the text value of the element identified by ``locator``.</doc>
<msg timestamp="20220726 15:43:16.593" level="INFO">${itemtotalstring} = Item total: $45.98</msg>
<status status="PASS" starttime="20220726 15:43:16.570" endtime="20220726 15:43:16.593"/>
</kw>
<kw name="Fetch From Right" library="String">
<var>${itemtotal}</var>
<arg>${itemtotalstring}</arg>
<arg>$</arg>
<doc>Returns contents of the ``string`` after the last occurrence of ``marker``.</doc>
<msg timestamp="20220726 15:43:16.593" level="INFO">${itemtotal} = 45.98</msg>
<status status="PASS" starttime="20220726 15:43:16.593" endtime="20220726 15:43:16.593"/>
</kw>
<kw name="Convert To Number" library="BuiltIn">
<var>${order}</var>
<arg>${itemtotal}</arg>
<doc>Converts the given item to a floating point number.</doc>
<msg timestamp="20220726 15:43:16.594" level="INFO">${order} = 45.98</msg>
<status status="PASS" starttime="20220726 15:43:16.593" endtime="20220726 15:43:16.594"/>
</kw>
<kw name="Should Be Equal" library="BuiltIn">
<arg>${order}</arg>
<arg>${total}</arg>
<doc>Fails if the given objects are unequal.</doc>
<status status="PASS" starttime="20220726 15:43:16.594" endtime="20220726 15:43:16.594"/>
</kw>
<status status="PASS" starttime="20220726 15:43:16.514" endtime="20220726 15:43:16.594"/>
</kw>
<kw name="End of the order" library="keywords">
<kw name="Click Button" library="SeleniumLibrary">
<arg>id=finish</arg>
<doc>Clicks the button identified by ``locator``.</doc>
<msg timestamp="20220726 15:43:16.595" level="INFO">Clicking button 'id=finish'.</msg>
<status status="PASS" starttime="20220726 15:43:16.595" endtime="20220726 15:43:16.667"/>
</kw>
<kw name="Page Should Contain" library="SeleniumLibrary">
<arg>THANK YOU FOR YOUR ORDER</arg>
<doc>Verifies that current page contains ``text``.</doc>
<msg timestamp="20220726 15:43:16.691" level="INFO">Current page contains text 'THANK YOU FOR YOUR ORDER'.</msg>
<status status="PASS" starttime="20220726 15:43:16.667" endtime="20220726 15:43:16.691"/>
</kw>
<status status="PASS" starttime="20220726 15:43:16.595" endtime="20220726 15:43:16.692"/>
</kw>
<kw name="Back to products" library="keywords">
<kw name="Page Should Contain Button" library="SeleniumLibrary">
<arg>id=back-to-products</arg>
<doc>Verifies button ``locator`` is found from current page.</doc>
<msg timestamp="20220726 15:43:16.730" level="INFO">Current page contains button 'id=back-to-products'.</msg>
<status status="PASS" starttime="20220726 15:43:16.694" endtime="20220726 15:43:16.730"/>
</kw>
<kw name="Click Button" library="SeleniumLibrary">
<arg>id=back-to-products</arg>
<doc>Clicks the button identified by ``locator``.</doc>
<msg timestamp="20220726 15:43:16.730" level="INFO">Clicking button 'id=back-to-products'.</msg>
<status status="PASS" starttime="20220726 15:43:16.730" endtime="20220726 15:43:16.806"/>
</kw>
<status status="PASS" starttime="20220726 15:43:16.694" endtime="20220726 15:43:16.807"/>
</kw>
<kw name="Logout" library="keywords">
<kw name="Click Button" library="SeleniumLibrary">
<arg>id=react-burger-menu-btn</arg>
<doc>Clicks the button identified by ``locator``.</doc>
<msg timestamp="20220726 15:43:16.813" level="INFO">Clicking button 'id=react-burger-menu-btn'.</msg>
<status status="PASS" starttime="20220726 15:43:16.811" endtime="20220726 15:43:16.906"/>
</kw>
<kw name="Sleep" library="BuiltIn">
<arg>2s</arg>
<doc>Pauses the test executed for the given time.</doc>
<msg timestamp="20220726 15:43:18.920" level="INFO">Slept 2 seconds</msg>
<status status="PASS" starttime="20220726 15:43:16.907" endtime="20220726 15:43:18.920"/>
</kw>
<kw name="Click Element" library="SeleniumLibrary">
<arg>id=logout_sidebar_link</arg>
<doc>Click the element identified by ``locator``.</doc>
<msg timestamp="20220726 15:43:18.922" level="INFO">Clicking element 'id=logout_sidebar_link'.</msg>
<status status="PASS" starttime="20220726 15:43:18.920" endtime="20220726 15:43:18.978"/>
</kw>
<status status="PASS" starttime="20220726 15:43:16.810" endtime="20220726 15:43:18.979"/>
</kw>
<kw name="End Web Test" library="begin_end" type="TEARDOWN">
<kw name="Close Browser" library="SeleniumLibrary">
<doc>Closes the current browser.</doc>
<status status="PASS" starttime="20220726 15:43:18.982" endtime="20220726 15:43:21.204"/>
</kw>
<status status="PASS" starttime="20220726 15:43:18.981" endtime="20220726 15:43:21.204"/>
</kw>
<tag>test_standard_user</tag>
<status status="PASS" starttime="20220726 15:43:00.654" endtime="20220726 15:43:21.205"/>
</test>
<test id="s1-t2" name="Login with locked out user" line="44">
<kw name="Begin Web Test" library="begin_end" type="SETUP">
<kw name="Open Browser" library="SeleniumLibrary">
<arg>${URL_AND_BROWSER}[0]</arg>
<arg>${URL_AND_BROWSER}[1]</arg>
<doc>Opens a new browser instance to the optional ``url``.</doc>
<msg timestamp="20220726 15:43:21.208" level="INFO">Opening browser 'chrome' to base url 'https://www.saucedemo.com/'.</msg>
<status status="PASS" starttime="20220726 15:43:21.207" endtime="20220726 15:43:24.582"/>
</kw>
<kw name="Maximize Browser Window" library="SeleniumLibrary">
<doc>Maximizes current browser window.</doc>
<status status="PASS" starttime="20220726 15:43:24.582" endtime="20220726 15:43:24.744"/>
</kw>
<kw name="Wait Until Element Is Enabled" library="SeleniumLibrary">
<arg>id=login-button</arg>
<doc>Waits until the element ``locator`` is enabled.</doc>
<status status="PASS" starttime="20220726 15:43:24.745" endtime="20220726 15:43:24.822"/>
</kw>
<status status="PASS" starttime="20220726 15:43:21.207" endtime="20220726 15:43:24.822"/>
</kw>
<kw name="Login" library="keywords">
<arg>${USERS}[1]</arg>
<kw name="Input Text" library="SeleniumLibrary">
<arg>id=user-name</arg>
<arg>${user}</arg>
<doc>Types the given ``text`` into the text field identified by ``locator``.</doc>
<msg timestamp="20220726 15:43:24.825" level="INFO">Typing text 'locked_out_user' into text field 'id=user-name'.</msg>
<status status="PASS" starttime="20220726 15:43:24.824" endtime="20220726 15:43:25.024"/>
</kw>
<kw name="Input Text" library="SeleniumLibrary">
<arg>id=password</arg>
<arg>${PASSWORD}</arg>
<doc>Types the given ``text`` into the text field identified by ``locator``.</doc>
<msg timestamp="20220726 15:43:25.026" level="INFO">Typing text 'secret_sauce' into text field 'id=password'.</msg>
<status status="PASS" starttime="20220726 15:43:25.024" endtime="20220726 15:43:25.228"/>
</kw>
<kw name="Sleep" library="BuiltIn">
<arg>2s</arg>
<doc>Pauses the test executed for the given time.</doc>
<msg timestamp="20220726 15:43:27.242" level="INFO">Slept 2 seconds</msg>
<status status="PASS" starttime="20220726 15:43:25.228" endtime="20220726 15:43:27.242"/>
</kw>
<kw name="Click Button" library="SeleniumLibrary">
<arg>id=login-button</arg>
<doc>Clicks the button identified by ``locator``.</doc>
<msg timestamp="20220726 15:43:27.243" level="INFO">Clicking button 'id=login-button'.</msg>
<status status="PASS" starttime="20220726 15:43:27.242" endtime="20220726 15:43:27.378"/>
</kw>
<status status="PASS" starttime="20220726 15:43:24.823" endtime="20220726 15:43:27.379"/>
</kw>
<kw name="Error Message" library="locked_out">
<kw name="Page Should Contain" library="SeleniumLibrary">
<arg>Epic sadface: Sorry, this user has been locked out.</arg>
<doc>Verifies that current page contains ``text``.</doc>
<msg timestamp="20220726 15:43:27.439" level="INFO">Current page contains text 'Epic sadface: Sorry, this user has been locked out.'.</msg>
<status status="PASS" starttime="20220726 15:43:27.381" endtime="20220726 15:43:27.439"/>
</kw>
<kw name="Sleep" library="BuiltIn">
<arg>2s</arg>
<doc>Pauses the test executed for the given time.</doc>
<msg timestamp="20220726 15:43:29.443" level="INFO">Slept 2 seconds</msg>
<status status="PASS" starttime="20220726 15:43:27.440" endtime="20220726 15:43:29.443"/>
</kw>
<status status="PASS" starttime="20220726 15:43:27.380" endtime="20220726 15:43:29.443"/>
</kw>
<kw name="End Web Test" library="begin_end" type="TEARDOWN">
<kw name="Close Browser" library="SeleniumLibrary">
<doc>Closes the current browser.</doc>
<status status="PASS" starttime="20220726 15:43:29.444" endtime="20220726 15:43:31.712"/>
</kw>
<status status="PASS" starttime="20220726 15:43:29.444" endtime="20220726 15:43:31.712"/>
</kw>
<tag>test_locked_out_user</tag>
<status status="PASS" starttime="20220726 15:43:21.206" endtime="20220726 15:43:31.714"/>
</test>
<doc>Suite description</doc>
<status status="PASS" starttime="20220726 15:43:00.362" endtime="20220726 15:43:31.718"/>
</suite>
<statistics>
<total>
<stat pass="2" fail="0" skip="0">All Tests</stat>
</total>
<tag>
<stat pass="1" fail="0" skip="0">test_locked_out_user</stat>
<stat pass="1" fail="0" skip="0">test_standard_user</stat>
</tag>
<suite>
<stat pass="2" fail="0" skip="0" id="s1" name="Test">Test</stat>
</suite>
</statistics>
<errors>
</errors>
</robot>
